Using pre-set license
Built from '2021.3/staging' branch; Version is '2021.3.6f1 (7da38d85baf6) revision 8233869'; Using compiler version '192829333'; Build Type 'Release'
OS: 'Windows 10  (10.0.19045) 64bit Professional' Language: 'zh' Physical Memory: 8112 MB
BatchMode: 1, IsHumanControllingUs: 0, StartBugReporterOnCrash: 0, Is64bit: 1, IsPro: 1

COMMAND LINE ARGUMENTS:
F:\unity\2021.3.6f1\Editor\Unity.exe
-adb2
-batchMode
-noUpm
-name
AssetImportWorker15
-projectPath
F:/game/CRVS
-logFile
Logs/AssetImportWorker15.log
-srvPort
55643
Successfully changed project path to: F:/game/CRVS
F:/game/CRVS
[UnityMemory] Configuration Parameters - Can be set up in boot.config
    "memorysetup-bucket-allocator-granularity=16"
    "memorysetup-bucket-allocator-bucket-count=8"
    "memorysetup-bucket-allocator-block-size=33554432"
    "memorysetup-bucket-allocator-block-count=8"
    "memorysetup-main-allocator-block-size=16777216"
    "memorysetup-thread-allocator-block-size=16777216"
    "memorysetup-gfx-main-allocator-block-size=16777216"
    "memorysetup-gfx-thread-allocator-block-size=16777216"
    "memorysetup-cache-allocator-block-size=4194304"
    "memorysetup-typetree-allocator-block-size=2097152"
    "memorysetup-profiler-bucket-allocator-granularity=16"
    "memorysetup-profiler-bucket-allocator-bucket-count=8"
    "memorysetup-profiler-bucket-allocator-block-size=33554432"
    "memorysetup-profiler-bucket-allocator-block-count=8"
    "memorysetup-profiler-allocator-block-size=16777216"
    "memorysetup-profiler-editor-allocator-block-size=1048576"
    "memorysetup-temp-allocator-size-main=16777216"
    "memorysetup-job-temp-allocator-block-size=2097152"
    "memorysetup-job-temp-allocator-block-size-background=1048576"
    "memorysetup-job-temp-allocator-reduction-small-platforms=262144"
    "memorysetup-temp-allocator-size-background-worker=32768"
    "memorysetup-temp-allocator-size-job-worker=262144"
    "memorysetup-temp-allocator-size-preload-manager=33554432"
    "memorysetup-temp-allocator-size-nav-mesh-worker=65536"
    "memorysetup-temp-allocator-size-audio-worker=65536"
    "memorysetup-temp-allocator-size-cloud-worker=32768"
    "memorysetup-temp-allocator-size-gi-baking-worker=262144"
    "memorysetup-temp-allocator-size-gfx=262144"
Refreshing native plugins compatible for Editor in 189.06 ms, found 3 plugins.
Preloading 0 native plugins for Editor in 0.00 ms.
Initialize engine version: 2021.3.6f1 (7da38d85baf6)
[Subsystems] Discovering subsystems at path F:/unity/2021.3.6f1/Editor/Data/Resources/UnitySubsystems
[Subsystems] Discovering subsystems at path F:/game/CRVS/Assets
GfxDevice: creating device client; threaded=0; jobified=0
Direct3D:
    Version:  Direct3D 11.0 [level 11.1]
    Renderer: NVIDIA GeForce RTX 2060 (ID=0x1f08)
    Vendor:   NVIDIA
    VRAM:     5980 MB
    Driver:   31.0.15.1694
Initialize mono
Mono path[0] = 'F:/unity/2021.3.6f1/Editor/Data/Managed'
Mono path[1] = 'F:/unity/2021.3.6f1/Editor/Data/MonoBleedingEdge/lib/mono/unityjit-win32'
Mono config path = 'F:/unity/2021.3.6f1/Editor/Data/MonoBleedingEdge/etc'
Using monoOptions --debugger-agent=transport=dt_socket,embedding=1,server=y,suspend=n,address=127.0.0.1:56880
Begin MonoManager ReloadAssembly
Registering precompiled unity dll's ...
Register platform support module: F:/unity/2021.3.6f1/Editor/Data/PlaybackEngines/WebGLSupport/UnityEditor.WebGL.Extensions.dll
Register platform support module: F:/unity/2021.3.6f1/Editor/Data/PlaybackEngines/MacStandaloneSupport/UnityEditor.OSXStandalone.Extensions.dll
Register platform support module: F:/unity/2021.3.6f1/Editor/Data/PlaybackEngines/AndroidPlayer/UnityEditor.Android.Extensions.dll
Register platform support module: F:/unity/2021.3.6f1/Editor/Data/PlaybackEngines/iOSSupport/UnityEditor.iOS.Extensions.dll
Register platform support module: F:/unity/2021.3.6f1/Editor/Data/PlaybackEngines/WindowsStandaloneSupport/UnityEditor.WindowsStandalone.Extensions.dll
Register platform support module: F:/unity/2021.3.6f1/Editor/Data/PlaybackEngines/MetroSupport/UnityEditor.UWP.Extensions.dll
Registered in 0.005539 seconds.
Native extension for UWP target not found
Native extension for WindowsStandalone target not found
Native extension for iOS target not found
Native extension for Android target not found
Native extension for OSXStandalone target not found
Native extension for WebGL target not found
Refreshing native plugins compatible for Editor in 174.63 ms, found 3 plugins.
Preloading 0 native plugins for Editor in 0.00 ms.
Mono: successfully reloaded assembly
- Completed reload, in  0.969 seconds
Domain Reload Profiling:
	ReloadAssembly (970ms)
		BeginReloadAssembly (92ms)
			ExecutionOrderSort (0ms)
			DisableScriptedObjects (0ms)
			BackupInstance (0ms)
			ReleaseScriptingObjects (0ms)
			CreateAndSetChildDomain (1ms)
		EndReloadAssembly (736ms)
			LoadAssemblies (92ms)
			RebuildTransferFunctionScriptingTraits (0ms)
			SetupTypeCache (138ms)
			ReleaseScriptCaches (0ms)
			RebuildScriptCaches (33ms)
			SetupLoadedEditorAssemblies (497ms)
				LogAssemblyErrors (0ms)
				InitializePlatformSupportModulesInManaged (109ms)
				SetLoadedEditorAssemblies (0ms)
				RefreshPlugins (175ms)
				BeforeProcessingInitializeOnLoad (2ms)
				ProcessInitializeOnLoadAttributes (129ms)
				ProcessInitializeOnLoadMethodAttributes (83ms)
				AfterProcessingInitializeOnLoad (0ms)
				EditorAssembliesLoaded (0ms)
			ExecutionOrderSort2 (0ms)
			AwakeInstancesAfterBackupRestoration (0ms)
Platform modules already initialized, skipping
Registering precompiled user dll's ...
Registered in 0.012065 seconds.
Android Extension - Scanning For ADB Devices 5064 ms
Begin MonoManager ReloadAssembly
Native extension for UWP target not found
Native extension for WindowsStandalone target not found
Native extension for iOS target not found
Native extension for Android target not found
Native extension for OSXStandalone target not found
Native extension for WebGL target not found
Refreshing native plugins compatible for Editor in 170.29 ms, found 3 plugins.
Preloading 0 native plugins for Editor in 0.00 ms.
Launched and connected shader compiler UnityShaderCompiler.exe after 0.26 seconds
Mono: successfully reloaded assembly
- Completed reload, in  3.027 seconds
Domain Reload Profiling:
	ReloadAssembly (3028ms)
		BeginReloadAssembly (177ms)
			ExecutionOrderSort (0ms)
			DisableScriptedObjects (13ms)
			BackupInstance (0ms)
			ReleaseScriptingObjects (0ms)
			CreateAndSetChildDomain (38ms)
		EndReloadAssembly (2700ms)
			LoadAssemblies (142ms)
			RebuildTransferFunctionScriptingTraits (0ms)
			SetupTypeCache (472ms)
			ReleaseScriptCaches (1ms)
			RebuildScriptCaches (94ms)
			SetupLoadedEditorAssemblies (1948ms)
				LogAssemblyErrors (0ms)
				InitializePlatformSupportModulesInManaged (30ms)
				SetLoadedEditorAssemblies (0ms)
				RefreshPlugins (170ms)
				BeforeProcessingInitializeOnLoad (152ms)
				ProcessInitializeOnLoadAttributes (912ms)
				ProcessInitializeOnLoadMethodAttributes (678ms)
				AfterProcessingInitializeOnLoad (4ms)
				EditorAssembliesLoaded (0ms)
			ExecutionOrderSort2 (0ms)
			AwakeInstancesAfterBackupRestoration (8ms)
Platform modules already initialized, skipping
========================================================================
Worker process is ready to serve import requests
Refreshing native plugins compatible for Editor in 2.65 ms, found 3 plugins.
Preloading 0 native plugins for Editor in 0.00 ms.
Unloading 5681 Unused Serialized files (Serialized files now loaded: 0)
Unloading 65 unused Assets / (1.1 MB). Loaded Objects now: 6189.
Memory consumption went from 224.7 MB to 223.7 MB.
Total: 31.980300 ms (FindLiveObjects: 0.731800 ms CreateObjectMapping: 0.205700 ms MarkObjects: 30.356900 ms  DeleteObjects: 0.684700 ms)

AssetImportParameters requested are different than current active one (requested -> active):
  custom:video-decoder-ogg-theora: a1e56fd34408186e4bbccfd4996cb3dc -> 
  custom:container-muxer-webm: aa71ff27fc2769a1b78a27578f13a17b -> 
  custom:container-demuxer-webm: 4f35f7cbe854078d1ac9338744f61a02 -> 
  custom:video-encoder-webm-vp8: eb34c28f22e8b96e1ab97ce403110664 -> 
  custom:audio-encoder-webm-vorbis: bf7c407c2cedff20999df2af8eb42d56 -> 
  custom:framework-win-MediaFoundation: 216162199b28c13a410421893ffa2e32 -> 
  custom:container-demuxer-ogg: 62fdf1f143b41e24485cea50d1cbac27 -> 
  custom:video-decoder-webm-vp8: 9c59270c3fd7afecdb556c50c9e8de78 -> 
  custom:audio-decoder-ogg-vorbis: bf7c407c2cedff20999df2af8eb42d56 -> 
========================================================================
Received Import Request.
  Time since last request: 152430.274431 seconds.
  path: Assets/Asset pack/Suriyun/MEGA Monsters Pack/Vegibi/Animation/Vegebi@Idle.fbx
  artifactKey: Guid(0a4c244097e9a90419c537481d77fc01) Importer(815301076,1909f56bfc062723c751e8b465ee728b)
Start importing Assets/Asset pack/Suriyun/MEGA Monsters Pack/Vegibi/Animation/Vegebi@Idle.fbx using Guid(0a4c244097e9a90419c537481d77fc01) Importer(815301076,1909f56bfc062723c751e8b465ee728b)  -> (artifact id: 'e266143b66d5afe64131f7b6bee32fe1') in 0.123823 seconds 
========================================================================
Received Import Request.
  Time since last request: 0.000037 seconds.
  path: Assets/Asset pack/Suriyun/MEGA Monsters Pack/Vegibi/Animation/Vegebi@Die.fbx
  artifactKey: Guid(e3335e6a0e116104d81615f7fcb7f237) Importer(815301076,1909f56bfc062723c751e8b465ee728b)
Start importing Assets/Asset pack/Suriyun/MEGA Monsters Pack/Vegibi/Animation/Vegebi@Die.fbx using Guid(e3335e6a0e116104d81615f7fcb7f237) Importer(815301076,1909f56bfc062723c751e8b465ee728b)  -> (artifact id: 'cef57e9e0b0b84c3dd8b0957611b8b36') in 0.053025 seconds 
========================================================================
Received Import Request.
  Time since last request: 0.000060 seconds.
  path: Assets/Asset pack/Suriyun/MEGA Monsters Pack/Vegibi/Animation
  artifactKey: Guid(ceca3dae69a84c74f93432d84d437162) Importer(815301076,1909f56bfc062723c751e8b465ee728b)
Start importing Assets/Asset pack/Suriyun/MEGA Monsters Pack/Vegibi/Animation using Guid(ceca3dae69a84c74f93432d84d437162) Importer(815301076,1909f56bfc062723c751e8b465ee728b)  -> (artifact id: 'df504acc8f22c7933929153527959bc7') in 0.013915 seconds 
========================================================================
Received Import Request.
  Time since last request: 0.000065 seconds.
  path: Assets/Asset pack/Suriyun/MEGA Monsters Pack/Vegibi/Animation/Vegebi@Atk.fbx
  artifactKey: Guid(8ba837333498f814fb196d28ec50ba30) Importer(815301076,1909f56bfc062723c751e8b465ee728b)
Start importing Assets/Asset pack/Suriyun/MEGA Monsters Pack/Vegibi/Animation/Vegebi@Atk.fbx using Guid(8ba837333498f814fb196d28ec50ba30) Importer(815301076,1909f56bfc062723c751e8b465ee728b)  -> (artifact id: '7f3d71ffb81fc897a3c40598cfc81d4c') in 0.018261 seconds 
========================================================================
Received Import Request.
  Time since last request: 0.000051 seconds.
  path: Assets/Asset pack/Suriyun/MEGA Monsters Pack/Vegibi/Animation/Vegebi@buff.fbx
  artifactKey: Guid(dbc0d86703cd1094f9ec8dddcab9d699) Importer(815301076,1909f56bfc062723c751e8b465ee728b)
Start importing Assets/Asset pack/Suriyun/MEGA Monsters Pack/Vegibi/Animation/Vegebi@buff.fbx using Guid(dbc0d86703cd1094f9ec8dddcab9d699) Importer(815301076,1909f56bfc062723c751e8b465ee728b)  -> (artifact id: 'bfdf6acf32fdb3243dd011d70aba99ce') in 0.041930 seconds 
========================================================================
Received Import Request.
  Time since last request: 0.000040 seconds.
  path: Assets/Asset pack/Suriyun/MEGA Monsters Pack/Vegibi/Animation/Vegebi@Damage.fbx
  artifactKey: Guid(4e53a7d9c11fb924c84944f850318b7a) Importer(815301076,1909f56bfc062723c751e8b465ee728b)
Start importing Assets/Asset pack/Suriyun/MEGA Monsters Pack/Vegibi/Animation/Vegebi@Damage.fbx using Guid(4e53a7d9c11fb924c84944f850318b7a) Importer(815301076,1909f56bfc062723c751e8b465ee728b)  -> (artifact id: 'd3b29688afde4c0e6e91f900a7172ae9') in 0.052512 seconds 
========================================================================
Received Import Request.
  Time since last request: 0.000063 seconds.
  path: Assets/Asset pack/Suriyun/MEGA Monsters Pack/Vegibi/Animation/Vegebi@Move.fbx
  artifactKey: Guid(1f42c5df3aac91a48bd1573a136462e5) Importer(815301076,1909f56bfc062723c751e8b465ee728b)
Start importing Assets/Asset pack/Suriyun/MEGA Monsters Pack/Vegibi/Animation/Vegebi@Move.fbx using Guid(1f42c5df3aac91a48bd1573a136462e5) Importer(815301076,1909f56bfc062723c751e8b465ee728b)  -> (artifact id: '01e5e35ebc9e14e9db3a2fa6e21bbc87') in 0.042591 seconds 
========================================================================
Received Import Request.
  Time since last request: 26.472608 seconds.
  path: Assets/Asset pack/Suriyun/MEGA Monsters Pack/Vegibi/FBX/Vegebi.fbx
  artifactKey: Guid(0e21ec49ccfd5c04c88beaf06dfa0c12) Importer(815301076,1909f56bfc062723c751e8b465ee728b)
Start importing Assets/Asset pack/Suriyun/MEGA Monsters Pack/Vegibi/FBX/Vegebi.fbx using Guid(0e21ec49ccfd5c04c88beaf06dfa0c12) Importer(815301076,1909f56bfc062723c751e8b465ee728b)  -> (artifact id: 'f56f137f523cf8d51f137d7688168fa1') in 0.249846 seconds 
========================================================================
Received Import Request.
  Time since last request: 190.711241 seconds.
  path: Assets/Scripts/Enemy
  artifactKey: Guid(3009607115931574b8734d81b974f5fb) Importer(815301076,1909f56bfc062723c751e8b465ee728b)
Start importing Assets/Scripts/Enemy using Guid(3009607115931574b8734d81b974f5fb) Importer(815301076,1909f56bfc062723c751e8b465ee728b)  -> (artifact id: '498b1e90240fc959807530dec2207eee') in 0.007079 seconds 
========================================================================
Received Prepare
Registering precompiled user dll's ...
Registered in 0.012096 seconds.
Begin MonoManager ReloadAssembly
Native extension for UWP target not found
Native extension for WindowsStandalone target not found
Native extension for iOS target not found
Native extension for Android target not found
Native extension for OSXStandalone target not found
Native extension for WebGL target not found
Refreshing native plugins compatible for Editor in 2.18 ms, found 3 plugins.
Preloading 0 native plugins for Editor in 0.00 ms.
Mono: successfully reloaded assembly
- Completed reload, in  2.756 seconds
Domain Reload Profiling:
	ReloadAssembly (2756ms)
		BeginReloadAssembly (212ms)
			ExecutionOrderSort (0ms)
			DisableScriptedObjects (6ms)
			BackupInstance (0ms)
			ReleaseScriptingObjects (0ms)
			CreateAndSetChildDomain (80ms)
		EndReloadAssembly (2413ms)
			LoadAssemblies (146ms)
			RebuildTransferFunctionScriptingTraits (0ms)
			SetupTypeCache (456ms)
			ReleaseScriptCaches (2ms)
			RebuildScriptCaches (70ms)
			SetupLoadedEditorAssemblies (1687ms)
				LogAssemblyErrors (0ms)
				InitializePlatformSupportModulesInManaged (44ms)
				SetLoadedEditorAssemblies (1ms)
				RefreshPlugins (2ms)
				BeforeProcessingInitializeOnLoad (109ms)
				ProcessInitializeOnLoadAttributes (995ms)
				ProcessInitializeOnLoadMethodAttributes (530ms)
				AfterProcessingInitializeOnLoad (5ms)
				EditorAssembliesLoaded (1ms)
			ExecutionOrderSort2 (0ms)
			AwakeInstancesAfterBackupRestoration (8ms)
Platform modules already initialized, skipping
Script is not up to date after domain reload: guid(d5b48bfec2ab5da45ba56b0521e1c691) path("Assets/Scripts/Enemy/EnemyController.cs") state(2)
Refreshing native plugins compatible for Editor in 6.42 ms, found 3 plugins.
Preloading 0 native plugins for Editor in 0.00 ms.
Unloading 5596 Unused Serialized files (Serialized files now loaded: 0)
Unloading 44 unused Assets / (1.0 MB). Loaded Objects now: 6215.
Memory consumption went from 236.6 MB to 235.6 MB.
Total: 32.074100 ms (FindLiveObjects: 0.930900 ms CreateObjectMapping: 0.491800 ms MarkObjects: 29.538300 ms  DeleteObjects: 1.110700 ms)

AssetImportParameters requested are different than current active one (requested -> active):
  custom:video-decoder-ogg-theora: a1e56fd34408186e4bbccfd4996cb3dc -> 
  custom:container-muxer-webm: aa71ff27fc2769a1b78a27578f13a17b -> 
  custom:container-demuxer-webm: 4f35f7cbe854078d1ac9338744f61a02 -> 
  custom:video-encoder-webm-vp8: eb34c28f22e8b96e1ab97ce403110664 -> 
  custom:audio-encoder-webm-vorbis: bf7c407c2cedff20999df2af8eb42d56 -> 
  custom:framework-win-MediaFoundation: 216162199b28c13a410421893ffa2e32 -> 
  custom:container-demuxer-ogg: 62fdf1f143b41e24485cea50d1cbac27 -> 
  custom:video-decoder-webm-vp8: 9c59270c3fd7afecdb556c50c9e8de78 -> 
  custom:audio-decoder-ogg-vorbis: bf7c407c2cedff20999df2af8eb42d56 -> 
========================================================================
Received Import Request.
  Time since last request: 31.547063 seconds.
  path: Assets/Scripts/Enemy/EnemyController.cs
  artifactKey: Guid(d5b48bfec2ab5da45ba56b0521e1c691) Importer(815301076,1909f56bfc062723c751e8b465ee728b)
Start importing Assets/Scripts/Enemy/EnemyController.cs using Guid(d5b48bfec2ab5da45ba56b0521e1c691) Importer(815301076,1909f56bfc062723c751e8b465ee728b)  -> (artifact id: 'e5a4d7364b4eed9eda996a89a71a9231') in 0.033081 seconds 
========================================================================
Received Prepare
Registering precompiled user dll's ...
Registered in 0.014789 seconds.
Begin MonoManager ReloadAssembly
Native extension for UWP target not found
Native extension for WindowsStandalone target not found
Native extension for iOS target not found
Native extension for Android target not found
Native extension for OSXStandalone target not found
Native extension for WebGL target not found
Refreshing native plugins compatible for Editor in 2.25 ms, found 3 plugins.
Preloading 0 native plugins for Editor in 0.00 ms.
Mono: successfully reloaded assembly
- Completed reload, in  2.131 seconds
Domain Reload Profiling:
	ReloadAssembly (2132ms)
		BeginReloadAssembly (194ms)
			ExecutionOrderSort (0ms)
			DisableScriptedObjects (6ms)
			BackupInstance (0ms)
			ReleaseScriptingObjects (0ms)
			CreateAndSetChildDomain (64ms)
		EndReloadAssembly (1792ms)
			LoadAssemblies (160ms)
			RebuildTransferFunctionScriptingTraits (0ms)
			SetupTypeCache (435ms)
			ReleaseScriptCaches (2ms)
			RebuildScriptCaches (62ms)
			SetupLoadedEditorAssemblies (1097ms)
				LogAssemblyErrors (0ms)
				InitializePlatformSupportModulesInManaged (37ms)
				SetLoadedEditorAssemblies (1ms)
				RefreshPlugins (2ms)
				BeforeProcessingInitializeOnLoad (98ms)
				ProcessInitializeOnLoadAttributes (654ms)
				ProcessInitializeOnLoadMethodAttributes (301ms)
				AfterProcessingInitializeOnLoad (4ms)
				EditorAssembliesLoaded (0ms)
			ExecutionOrderSort2 (0ms)
			AwakeInstancesAfterBackupRestoration (6ms)
Platform modules already initialized, skipping
Refreshing native plugins compatible for Editor in 5.08 ms, found 3 plugins.
Preloading 0 native plugins for Editor in 0.00 ms.
Unloading 5597 Unused Serialized files (Serialized files now loaded: 0)
Unloading 44 unused Assets / (1.0 MB). Loaded Objects now: 6231.
Memory consumption went from 236.6 MB to 235.6 MB.
Total: 23.323700 ms (FindLiveObjects: 0.630000 ms CreateObjectMapping: 0.200100 ms MarkObjects: 21.908800 ms  DeleteObjects: 0.583200 ms)

AssetImportParameters requested are different than current active one (requested -> active):
  custom:video-decoder-ogg-theora: a1e56fd34408186e4bbccfd4996cb3dc -> 
  custom:container-muxer-webm: aa71ff27fc2769a1b78a27578f13a17b -> 
  custom:container-demuxer-webm: 4f35f7cbe854078d1ac9338744f61a02 -> 
  custom:video-encoder-webm-vp8: eb34c28f22e8b96e1ab97ce403110664 -> 
  custom:audio-encoder-webm-vorbis: bf7c407c2cedff20999df2af8eb42d56 -> 
  custom:framework-win-MediaFoundation: 216162199b28c13a410421893ffa2e32 -> 
  custom:container-demuxer-ogg: 62fdf1f143b41e24485cea50d1cbac27 -> 
  custom:video-decoder-webm-vp8: 9c59270c3fd7afecdb556c50c9e8de78 -> 
  custom:audio-decoder-ogg-vorbis: bf7c407c2cedff20999df2af8eb42d56 -> 
========================================================================
Received Import Request.
  Time since last request: 110.315370 seconds.
  path: Assets/Prefabs/PlayerDogModel.prefab
  artifactKey: Guid(a4ebb74152afdad4cb79632c1f30f94b) Importer(815301076,1909f56bfc062723c751e8b465ee728b)
Start importing Assets/Prefabs/PlayerDogModel.prefab using Guid(a4ebb74152afdad4cb79632c1f30f94b) Importer(815301076,1909f56bfc062723c751e8b465ee728b)  -> (artifact id: '2f039209327ee5e5dd94f71a0aae1f98') in 0.727730 seconds 
========================================================================
Received Import Request.
  Time since last request: 93.243033 seconds.
  path: Assets/Prefabs/Enemy/Vegebi2.prefab
  artifactKey: Guid(9291e7571a78c5b43aa70bfe9abf8090) Importer(815301076,1909f56bfc062723c751e8b465ee728b)
Start importing Assets/Prefabs/Enemy/Vegebi2.prefab using Guid(9291e7571a78c5b43aa70bfe9abf8090) Importer(815301076,1909f56bfc062723c751e8b465ee728b)  -> (artifact id: '9529ff57735724634cda8b649f6d64c5') in 0.883673 seconds 
========================================================================
Received Import Request.
  Time since last request: 8.717504 seconds.
  path: Assets/Prefabs/Enemy/Vegebi2.prefab
  artifactKey: Guid(9291e7571a78c5b43aa70bfe9abf8090) Importer(815301076,1909f56bfc062723c751e8b465ee728b)
Start importing Assets/Prefabs/Enemy/Vegebi2.prefab using Guid(9291e7571a78c5b43aa70bfe9abf8090) Importer(815301076,1909f56bfc062723c751e8b465ee728b)  -> (artifact id: 'e60640b35f9ba97225a347c71baa722a') in 0.065550 seconds 
========================================================================
Received Import Request.
  Time since last request: 85.630623 seconds.
  path: Assets/Prefabs/Terrain Chunk/Road01.prefab
  artifactKey: Guid(7290b732fef966a45a3ba0d0b8f7c5e8) Importer(815301076,1909f56bfc062723c751e8b465ee728b)
Start importing Assets/Prefabs/Terrain Chunk/Road01.prefab using Guid(7290b732fef966a45a3ba0d0b8f7c5e8) Importer(815301076,1909f56bfc062723c751e8b465ee728b)  -> (artifact id: '9233670b870af0471e31250f7cb1a54c') in 0.113866 seconds 
========================================================================
Received Import Request.
  Time since last request: 55.252808 seconds.
  path: Assets/Prefabs/Terrain Chunk/Road02.prefab
  artifactKey: Guid(b53551426f81a9c4dbaddee66e8e28b8) Importer(815301076,1909f56bfc062723c751e8b465ee728b)
Start importing Assets/Prefabs/Terrain Chunk/Road02.prefab using Guid(b53551426f81a9c4dbaddee66e8e28b8) Importer(815301076,1909f56bfc062723c751e8b465ee728b)  -> (artifact id: 'a85aef66cf8555474626eee3d5d6dc5e') in 0.061775 seconds 
========================================================================
Received Prepare
Registering precompiled user dll's ...
Registered in 0.010872 seconds.
Begin MonoManager ReloadAssembly
Native extension for UWP target not found
Native extension for WindowsStandalone target not found
Native extension for iOS target not found
Native extension for Android target not found
Native extension for OSXStandalone target not found
Native extension for WebGL target not found
Refreshing native plugins compatible for Editor in 1.37 ms, found 3 plugins.
Preloading 0 native plugins for Editor in 0.00 ms.
Mono: successfully reloaded assembly
- Completed reload, in  3.224 seconds
Domain Reload Profiling:
	ReloadAssembly (3225ms)
		BeginReloadAssembly (331ms)
			ExecutionOrderSort (0ms)
			DisableScriptedObjects (6ms)
			BackupInstance (0ms)
			ReleaseScriptingObjects (0ms)
			CreateAndSetChildDomain (75ms)
		EndReloadAssembly (2717ms)
			LoadAssemblies (278ms)
			RebuildTransferFunctionScriptingTraits (0ms)
			SetupTypeCache (953ms)
			ReleaseScriptCaches (2ms)
			RebuildScriptCaches (68ms)
			SetupLoadedEditorAssemblies (1455ms)
				LogAssemblyErrors (0ms)
				InitializePlatformSupportModulesInManaged (35ms)
				SetLoadedEditorAssemblies (1ms)
				RefreshPlugins (1ms)
				BeforeProcessingInitializeOnLoad (100ms)
				ProcessInitializeOnLoadAttributes (803ms)
				ProcessInitializeOnLoadMethodAttributes (509ms)
				AfterProcessingInitializeOnLoad (5ms)
				EditorAssembliesLoaded (0ms)
			ExecutionOrderSort2 (0ms)
			AwakeInstancesAfterBackupRestoration (8ms)
Platform modules already initialized, skipping
Refreshing native plugins compatible for Editor in 5.47 ms, found 3 plugins.
Preloading 0 native plugins for Editor in 0.00 ms.
Unloading 5597 Unused Serialized files (Serialized files now loaded: 0)
Unloading 44 unused Assets / (1.0 MB). Loaded Objects now: 6247.
Memory consumption went from 236.7 MB to 235.7 MB.
Total: 26.526900 ms (FindLiveObjects: 0.700700 ms CreateObjectMapping: 0.185000 ms MarkObjects: 24.480100 ms  DeleteObjects: 1.158300 ms)

AssetImportParameters requested are different than current active one (requested -> active):
  custom:video-decoder-ogg-theora: a1e56fd34408186e4bbccfd4996cb3dc -> 
  custom:container-muxer-webm: aa71ff27fc2769a1b78a27578f13a17b -> 
  custom:container-demuxer-webm: 4f35f7cbe854078d1ac9338744f61a02 -> 
  custom:video-encoder-webm-vp8: eb34c28f22e8b96e1ab97ce403110664 -> 
  custom:audio-encoder-webm-vorbis: bf7c407c2cedff20999df2af8eb42d56 -> 
  custom:framework-win-MediaFoundation: 216162199b28c13a410421893ffa2e32 -> 
  custom:container-demuxer-ogg: 62fdf1f143b41e24485cea50d1cbac27 -> 
  custom:video-decoder-webm-vp8: 9c59270c3fd7afecdb556c50c9e8de78 -> 
  custom:audio-decoder-ogg-vorbis: bf7c407c2cedff20999df2af8eb42d56 -> 
========================================================================
Received Import Request.
  Time since last request: 768.964153 seconds.
  path: Assets/Scripts/Enemy/EnemyController.cs
  artifactKey: Guid(d5b48bfec2ab5da45ba56b0521e1c691) Importer(815301076,1909f56bfc062723c751e8b465ee728b)
Start importing Assets/Scripts/Enemy/EnemyController.cs using Guid(d5b48bfec2ab5da45ba56b0521e1c691) Importer(815301076,1909f56bfc062723c751e8b465ee728b)  -> (artifact id: '1b221d14b8d374c8316c09e31d643420') in 0.023660 seconds 
========================================================================
Received Prepare
Registering precompiled user dll's ...
Registered in 0.010557 seconds.
Begin MonoManager ReloadAssembly
Native extension for UWP target not found
Native extension for WindowsStandalone target not found
Native extension for iOS target not found
Native extension for Android target not found
Native extension for OSXStandalone target not found
Native extension for WebGL target not found
Refreshing native plugins compatible for Editor in 1.41 ms, found 3 plugins.
Preloading 0 native plugins for Editor in 0.00 ms.
Mono: successfully reloaded assembly
- Completed reload, in  2.524 seconds
Domain Reload Profiling:
	ReloadAssembly (2526ms)
		BeginReloadAssembly (332ms)
			ExecutionOrderSort (0ms)
			DisableScriptedObjects (14ms)
			BackupInstance (0ms)
			ReleaseScriptingObjects (0ms)
			CreateAndSetChildDomain (129ms)
		EndReloadAssembly (2075ms)
			LoadAssemblies (161ms)
			RebuildTransferFunctionScriptingTraits (0ms)
			SetupTypeCache (439ms)
			ReleaseScriptCaches (3ms)
			RebuildScriptCaches (60ms)
			SetupLoadedEditorAssemblies (1367ms)
				LogAssemblyErrors (0ms)
				InitializePlatformSupportModulesInManaged (48ms)
				SetLoadedEditorAssemblies (1ms)
				RefreshPlugins (2ms)
				BeforeProcessingInitializeOnLoad (104ms)
				ProcessInitializeOnLoadAttributes (748ms)
				ProcessInitializeOnLoadMethodAttributes (461ms)
				AfterProcessingInitializeOnLoad (4ms)
				EditorAssembliesLoaded (0ms)
			ExecutionOrderSort2 (0ms)
			AwakeInstancesAfterBackupRestoration (6ms)
Platform modules already initialized, skipping
Refreshing native plugins compatible for Editor in 4.58 ms, found 3 plugins.
Preloading 0 native plugins for Editor in 0.00 ms.
Unloading 5597 Unused Serialized files (Serialized files now loaded: 0)
Unloading 44 unused Assets / (1.0 MB). Loaded Objects now: 6262.
Memory consumption went from 236.7 MB to 235.7 MB.
Total: 28.961000 ms (FindLiveObjects: 0.964200 ms CreateObjectMapping: 0.264800 ms MarkObjects: 26.145700 ms  DeleteObjects: 1.583800 ms)

AssetImportParameters requested are different than current active one (requested -> active):
  custom:video-decoder-ogg-theora: a1e56fd34408186e4bbccfd4996cb3dc -> 
  custom:container-muxer-webm: aa71ff27fc2769a1b78a27578f13a17b -> 
  custom:container-demuxer-webm: 4f35f7cbe854078d1ac9338744f61a02 -> 
  custom:video-encoder-webm-vp8: eb34c28f22e8b96e1ab97ce403110664 -> 
  custom:audio-encoder-webm-vorbis: bf7c407c2cedff20999df2af8eb42d56 -> 
  custom:framework-win-MediaFoundation: 216162199b28c13a410421893ffa2e32 -> 
  custom:container-demuxer-ogg: 62fdf1f143b41e24485cea50d1cbac27 -> 
  custom:video-decoder-webm-vp8: 9c59270c3fd7afecdb556c50c9e8de78 -> 
  custom:audio-decoder-ogg-vorbis: bf7c407c2cedff20999df2af8eb42d56 -> 
========================================================================
Received Import Request.
  Time since last request: 623.459268 seconds.
  path: Assets/Asset pack/DogKnight/Material/PBR.mat
  artifactKey: Guid(da05e49adf02c134f88f541992ee78d2) Importer(815301076,1909f56bfc062723c751e8b465ee728b)
Start importing Assets/Asset pack/DogKnight/Material/PBR.mat using Guid(da05e49adf02c134f88f541992ee78d2) Importer(815301076,1909f56bfc062723c751e8b465ee728b)  -> (artifact id: '5c4e5a6406648214c5d31c5f44be340a') in 1.739845 seconds 
========================================================================
Received Import Request.
  Time since last request: 0.000035 seconds.
  path: Assets/Asset pack/DogKnight/Material/Skybox_Mat.mat
  artifactKey: Guid(5f62bea3b5185c2488588e50d05df87f) Importer(815301076,1909f56bfc062723c751e8b465ee728b)
Start importing Assets/Asset pack/DogKnight/Material/Skybox_Mat.mat using Guid(5f62bea3b5185c2488588e50d05df87f) Importer(815301076,1909f56bfc062723c751e8b465ee728b)  -> (artifact id: '95f63794366c2b4fbcf747b7c95f9fc8') in 0.262825 seconds 
========================================================================
Received Prepare
Registering precompiled user dll's ...
Registered in 0.011104 seconds.
Begin MonoManager ReloadAssembly
Native extension for UWP target not found
Native extension for WindowsStandalone target not found
Native extension for iOS target not found
Native extension for Android target not found
Native extension for OSXStandalone target not found
Native extension for WebGL target not found
Refreshing native plugins compatible for Editor in 1.43 ms, found 3 plugins.
Preloading 0 native plugins for Editor in 0.00 ms.
Mono: successfully reloaded assembly
- Completed reload, in  2.279 seconds
Domain Reload Profiling:
	ReloadAssembly (2280ms)
		BeginReloadAssembly (175ms)
			ExecutionOrderSort (0ms)
			DisableScriptedObjects (5ms)
			BackupInstance (0ms)
			ReleaseScriptingObjects (0ms)
			CreateAndSetChildDomain (69ms)
		EndReloadAssembly (1992ms)
			LoadAssemblies (126ms)
			RebuildTransferFunctionScriptingTraits (0ms)
			SetupTypeCache (412ms)
			ReleaseScriptCaches (2ms)
			RebuildScriptCaches (57ms)
			SetupLoadedEditorAssemblies (1322ms)
				LogAssemblyErrors (0ms)
				InitializePlatformSupportModulesInManaged (36ms)
				SetLoadedEditorAssemblies (1ms)
				RefreshPlugins (2ms)
				BeforeProcessingInitializeOnLoad (111ms)
				ProcessInitializeOnLoadAttributes (726ms)
				ProcessInitializeOnLoadMethodAttributes (442ms)
				AfterProcessingInitializeOnLoad (4ms)
				EditorAssembliesLoaded (0ms)
			ExecutionOrderSort2 (0ms)
			AwakeInstancesAfterBackupRestoration (6ms)
Platform modules already initialized, skipping
Refreshing native plugins compatible for Editor in 4.98 ms, found 3 plugins.
Preloading 0 native plugins for Editor in 0.00 ms.
Unloading 5597 Unused Serialized files (Serialized files now loaded: 0)
Unloading 44 unused Assets / (1.0 MB). Loaded Objects now: 6310.
Memory consumption went from 236.9 MB to 235.9 MB.
Total: 23.527500 ms (FindLiveObjects: 0.568300 ms CreateObjectMapping: 0.160000 ms MarkObjects: 22.079500 ms  DeleteObjects: 0.718000 ms)

AssetImportParameters requested are different than current active one (requested -> active):
  custom:video-decoder-ogg-theora: a1e56fd34408186e4bbccfd4996cb3dc -> 
  custom:container-muxer-webm: aa71ff27fc2769a1b78a27578f13a17b -> 
  custom:container-demuxer-webm: 4f35f7cbe854078d1ac9338744f61a02 -> 
  custom:video-encoder-webm-vp8: eb34c28f22e8b96e1ab97ce403110664 -> 
  custom:audio-encoder-webm-vorbis: bf7c407c2cedff20999df2af8eb42d56 -> 
  custom:framework-win-MediaFoundation: 216162199b28c13a410421893ffa2e32 -> 
  custom:container-demuxer-ogg: 62fdf1f143b41e24485cea50d1cbac27 -> 
  custom:video-decoder-webm-vp8: 9c59270c3fd7afecdb556c50c9e8de78 -> 
  custom:audio-decoder-ogg-vorbis: bf7c407c2cedff20999df2af8eb42d56 -> 
========================================================================
Received Import Request.
  Time since last request: 2049.357349 seconds.
  path: ProjectSettings/TagManager.asset
  artifactKey: Guid(00000000000000003000000000000000) Importer(815301076,1909f56bfc062723c751e8b465ee728b)
Start importing ProjectSettings/TagManager.asset using Guid(00000000000000003000000000000000) Importer(815301076,1909f56bfc062723c751e8b465ee728b)  -> (artifact id: '3f6a833f6244a60b813759d0de118f17') in 0.661896 seconds 
========================================================================
Received Import Request.
  Time since last request: 802.029813 seconds.
  path: Assets/Asset pack/DogKnight/Texture/Albedo.png
  artifactKey: Guid(3c94236cfdd0fcc4b8fd91e7d12dabec) Importer(815301076,1909f56bfc062723c751e8b465ee728b)
Start importing Assets/Asset pack/DogKnight/Texture/Albedo.png using Guid(3c94236cfdd0fcc4b8fd91e7d12dabec) Importer(815301076,1909f56bfc062723c751e8b465ee728b)  -> (artifact id: 'dd305a25ad9b09c26d79f98385a8f53d') in 1.915969 seconds 
========================================================================
Received Import Request.
  Time since last request: 0.000039 seconds.
  path: Assets/Asset pack/DogKnight/Texture/MS.png
  artifactKey: Guid(f4da30a223a78034fbc3c563d2a924a7) Importer(815301076,1909f56bfc062723c751e8b465ee728b)
Start importing Assets/Asset pack/DogKnight/Texture/MS.png using Guid(f4da30a223a78034fbc3c563d2a924a7) Importer(815301076,1909f56bfc062723c751e8b465ee728b)  -> (artifact id: '73c4f4e372990f1837167850e9f1287a') in 0.694059 seconds 
========================================================================
Received Import Request.
  Time since last request: 0.000037 seconds.
  path: Assets/Asset pack/DogKnight/Texture/StandardAlbedo.png
  artifactKey: Guid(5b981358eaa6be84dbe67e39c78e448b) Importer(815301076,1909f56bfc062723c751e8b465ee728b)
Start importing Assets/Asset pack/DogKnight/Texture/StandardAlbedo.png using Guid(5b981358eaa6be84dbe67e39c78e448b) Importer(815301076,1909f56bfc062723c751e8b465ee728b)  -> (artifact id: '9d12b97398390d34e1bd18189a5d1fbf') in 0.447661 seconds 
========================================================================
Received Import Request.
  Time since last request: 152.134769 seconds.
  path: Assets/Asset pack/DogKnight/Materials/promotion.mat
  artifactKey: Guid(f6169d70bde1fee44a78631ce6f1d1e6) Importer(815301076,1909f56bfc062723c751e8b465ee728b)
Start importing Assets/Asset pack/DogKnight/Materials/promotion.mat using Guid(f6169d70bde1fee44a78631ce6f1d1e6) Importer(815301076,1909f56bfc062723c751e8b465ee728b)  -> (artifact id: 'd6a5bee03b066f5ba5ed4eb6b35109ab') in 0.241525 seconds 
========================================================================
Received Import Request.
  Time since last request: 3080.627714 seconds.
  path: Assets/Scripts/Managers
  artifactKey: Guid(cd6a5aa5c41a98a41bc05cb5144731db) Importer(815301076,1909f56bfc062723c751e8b465ee728b)
Start importing Assets/Scripts/Managers using Guid(cd6a5aa5c41a98a41bc05cb5144731db) Importer(815301076,1909f56bfc062723c751e8b465ee728b)  -> (artifact id: 'e3462476d0863dc51582d46892311531') in 0.113103 seconds 
========================================================================
Received Import Request.
  Time since last request: 3.764146 seconds.
  path: Assets/Scripts/MouseManager.cs
  artifactKey: Guid(55c8abc1592003946a94ea76ee8ed9f3) Importer(815301076,1909f56bfc062723c751e8b465ee728b)
Start importing Assets/Scripts/MouseManager.cs using Guid(55c8abc1592003946a94ea76ee8ed9f3) Importer(815301076,1909f56bfc062723c751e8b465ee728b)  -> (artifact id: '3cdd5e2152c09a4c5995387984081656') in 0.046402 seconds 
========================================================================
Received Import Request.
  Time since last request: 60.212375 seconds.
  path: Assets/Scripts/Players/CharacterDogMove.cs
  artifactKey: Guid(41eada64b8a65184da72c2e21f44c147) Importer(815301076,1909f56bfc062723c751e8b465ee728b)
Start importing Assets/Scripts/Players/CharacterDogMove.cs using Guid(41eada64b8a65184da72c2e21f44c147) Importer(815301076,1909f56bfc062723c751e8b465ee728b)  -> (artifact id: '32a44c80e051431f1736838be5b43349') in 0.059289 seconds 
========================================================================
Received Import Request.
  Time since last request: 1014.945560 seconds.
  path: Assets/Scripts/Players/DogPolyart.cs
  artifactKey: Guid(e3d93fbcbd5740b47929a267d7a28dbf) Importer(815301076,1909f56bfc062723c751e8b465ee728b)
Start importing Assets/Scripts/Players/DogPolyart.cs using Guid(e3d93fbcbd5740b47929a267d7a28dbf) Importer(815301076,1909f56bfc062723c751e8b465ee728b)  -> (artifact id: '1acbeb4077b6f5eb56b83ca145d0babb') in 0.051686 seconds 
========================================================================
Received Import Request.
  Time since last request: 65.816992 seconds.
  path: Assets/Prefabs/Enemy/Vegebi2.prefab
  artifactKey: Guid(9291e7571a78c5b43aa70bfe9abf8090) Importer(815301076,1909f56bfc062723c751e8b465ee728b)
Start importing Assets/Prefabs/Enemy/Vegebi2.prefab using Guid(9291e7571a78c5b43aa70bfe9abf8090) Importer(815301076,1909f56bfc062723c751e8b465ee728b)  -> (artifact id: 'ec47cb1c11383504817a199df9f90b74') in 2.060951 seconds 
========================================================================
Received Import Request.
  Time since last request: 11.790067 seconds.
  path: Assets/Asset pack/cursors
  artifactKey: Guid(c44011f457924b348ac6bfc403359554) Importer(815301076,1909f56bfc062723c751e8b465ee728b)
Start importing Assets/Asset pack/cursors using Guid(c44011f457924b348ac6bfc403359554) Importer(815301076,1909f56bfc062723c751e8b465ee728b)  -> (artifact id: '5e629b51127979f0443f214707364ae4') in 0.075304 seconds 
========================================================================
Received Import Request.
  Time since last request: 225.240739 seconds.
  path: Assets/Asset pack/Cursors/Cursor
  artifactKey: Guid(58b2df5ea8b862d40b11be4175e11a02) Importer(815301076,1909f56bfc062723c751e8b465ee728b)
Start importing Assets/Asset pack/Cursors/Cursor using Guid(58b2df5ea8b862d40b11be4175e11a02) Importer(815301076,1909f56bfc062723c751e8b465ee728b)  -> (artifact id: 'f7988a15d84f89ca6f5ae0cd88d9a47f') in 0.032220 seconds 
========================================================================
Received Import Request.
  Time since last request: 0.018149 seconds.
  path: Assets/Asset pack/Cursors/Cursor/01.png
  artifactKey: Guid(d9d8307bead4fbb46b1e9b81b3bc198a) Importer(815301076,1909f56bfc062723c751e8b465ee728b)
Start importing Assets/Asset pack/Cursors/Cursor/01.png using Guid(d9d8307bead4fbb46b1e9b81b3bc198a) Importer(815301076,1909f56bfc062723c751e8b465ee728b)  -> (artifact id: '7acf4dc65b2d9255f488787a20d67e4c') in 0.254353 seconds 
========================================================================
Received Import Request.
  Time since last request: 0.000048 seconds.
  path: Assets/Asset pack/Cursors/Cursor/04.png
  artifactKey: Guid(f9fdc6555b71a1b4eb2cb72c6a2ecbe2) Importer(815301076,1909f56bfc062723c751e8b465ee728b)
Start importing Assets/Asset pack/Cursors/Cursor/04.png using Guid(f9fdc6555b71a1b4eb2cb72c6a2ecbe2) Importer(815301076,1909f56bfc062723c751e8b465ee728b)  -> (artifact id: '1561dc25c23ac89b40aa861acb12a70e') in 0.146833 seconds 
========================================================================
Received Import Request.
  Time since last request: 0.000068 seconds.
  path: Assets/Asset pack/Cursors/Cursor/05.png
  artifactKey: Guid(2f7f7fd4faeb16649879e28d6fe860a6) Importer(815301076,1909f56bfc062723c751e8b465ee728b)
Start importing Assets/Asset pack/Cursors/Cursor/05.png using Guid(2f7f7fd4faeb16649879e28d6fe860a6) Importer(815301076,1909f56bfc062723c751e8b465ee728b)  -> (artifact id: 'ff57e7738dbaf73fad9fce1ebf45f6e6') in 0.117386 seconds 
========================================================================
Received Import Request.
  Time since last request: 266.905349 seconds.
  path: Assets/Asset pack/Cursors/Cursor/04.png
  artifactKey: Guid(f9fdc6555b71a1b4eb2cb72c6a2ecbe2) Importer(815301076,1909f56bfc062723c751e8b465ee728b)
Start importing Assets/Asset pack/Cursors/Cursor/04.png using Guid(f9fdc6555b71a1b4eb2cb72c6a2ecbe2) Importer(815301076,1909f56bfc062723c751e8b465ee728b)  -> (artifact id: '7604a237da255f332e8801e1e680d6ba') in 0.060379 seconds 
========================================================================
Received Import Request.
  Time since last request: 0.158205 seconds.
  path: Assets/Asset pack/Cursors/Cursor/01.png
  artifactKey: Guid(d9d8307bead4fbb46b1e9b81b3bc198a) Importer(815301076,1909f56bfc062723c751e8b465ee728b)
Start importing Assets/Asset pack/Cursors/Cursor/01.png using Guid(d9d8307bead4fbb46b1e9b81b3bc198a) Importer(815301076,1909f56bfc062723c751e8b465ee728b)  -> (artifact id: 'a4c58729d4ff51e34b3e2b1ad8df8329') in 0.025342 seconds 
========================================================================
Received Import Request.
  Time since last request: 0.000036 seconds.
  path: Assets/Asset pack/Cursors/Cursor/03.png
  artifactKey: Guid(686580f8d3f806a42988c4565a8b35f9) Importer(815301076,1909f56bfc062723c751e8b465ee728b)
Start importing Assets/Asset pack/Cursors/Cursor/03.png using Guid(686580f8d3f806a42988c4565a8b35f9) Importer(815301076,1909f56bfc062723c751e8b465ee728b)  -> (artifact id: '1b026db2d1a0c68aad1fb6d3c559fc41') in 0.021117 seconds 
========================================================================
Received Import Request.
  Time since last request: 574.769189 seconds.
  path: Assets/Scripts/MouseManager.cs
  artifactKey: Guid(740d2d5b55b3b764d8e75ef0e5bed6df) Importer(815301076,1909f56bfc062723c751e8b465ee728b)
Start importing Assets/Scripts/MouseManager.cs using Guid(740d2d5b55b3b764d8e75ef0e5bed6df) Importer(815301076,1909f56bfc062723c751e8b465ee728b)  -> (artifact id: 'd930e4c533a92877c2c625d737b288b3') in 0.003383 seconds 
========================================================================
Received Prepare
Registering precompiled user dll's ...
Registered in 0.010620 seconds.
Begin MonoManager ReloadAssembly
Native extension for UWP target not found
Native extension for WindowsStandalone target not found
Native extension for iOS target not found
Native extension for Android target not found
Native extension for OSXStandalone target not found
Native extension for WebGL target not found
Refreshing native plugins compatible for Editor in 1.46 ms, found 3 plugins.
Preloading 0 native plugins for Editor in 0.00 ms.
Mono: successfully reloaded assembly
- Completed reload, in  8.474 seconds
Domain Reload Profiling:
	ReloadAssembly (8481ms)
		BeginReloadAssembly (1968ms)
			ExecutionOrderSort (0ms)
			DisableScriptedObjects (86ms)
			BackupInstance (0ms)
			ReleaseScriptingObjects (0ms)
			CreateAndSetChildDomain (600ms)
		EndReloadAssembly (6114ms)
			LoadAssemblies (3167ms)
			RebuildTransferFunctionScriptingTraits (0ms)
			SetupTypeCache (1005ms)
			ReleaseScriptCaches (4ms)
			RebuildScriptCaches (61ms)
			SetupLoadedEditorAssemblies (2576ms)
				LogAssemblyErrors (0ms)
				InitializePlatformSupportModulesInManaged (40ms)
				SetLoadedEditorAssemblies (1ms)
				RefreshPlugins (2ms)
				BeforeProcessingInitializeOnLoad (153ms)
				ProcessInitializeOnLoadAttributes (922ms)
				ProcessInitializeOnLoadMethodAttributes (1455ms)
				AfterProcessingInitializeOnLoad (4ms)
				EditorAssembliesLoaded (0ms)
			ExecutionOrderSort2 (0ms)
			AwakeInstancesAfterBackupRestoration (6ms)
Platform modules already initialized, skipping
Refreshing native plugins compatible for Editor in 59.30 ms, found 3 plugins.
Preloading 0 native plugins for Editor in 0.00 ms.
Unloading 5597 Unused Serialized files (Serialized files now loaded: 0)
Unloading 46 unused Assets / (1.0 MB). Loaded Objects now: 6326.
Memory consumption went from 237.0 MB to 236.0 MB.
Total: 135.959900 ms (FindLiveObjects: 47.130200 ms CreateObjectMapping: 0.478100 ms MarkObjects: 87.393200 ms  DeleteObjects: 0.955600 ms)

AssetImportParameters requested are different than current active one (requested -> active):
  custom:video-decoder-ogg-theora: a1e56fd34408186e4bbccfd4996cb3dc -> 
  custom:container-muxer-webm: aa71ff27fc2769a1b78a27578f13a17b -> 
  custom:container-demuxer-webm: 4f35f7cbe854078d1ac9338744f61a02 -> 
  custom:video-encoder-webm-vp8: eb34c28f22e8b96e1ab97ce403110664 -> 
  custom:audio-encoder-webm-vorbis: bf7c407c2cedff20999df2af8eb42d56 -> 
  custom:framework-win-MediaFoundation: 216162199b28c13a410421893ffa2e32 -> 
  custom:container-demuxer-ogg: 62fdf1f143b41e24485cea50d1cbac27 -> 
  custom:video-decoder-webm-vp8: 9c59270c3fd7afecdb556c50c9e8de78 -> 
  custom:audio-decoder-ogg-vorbis: bf7c407c2cedff20999df2af8eb42d56 -> 
========================================================================
Received Import Request.
  Time since last request: 978.629464 seconds.
  path: Assets/Asset pack/Cursors/Cursor/01.png
  artifactKey: Guid(d9d8307bead4fbb46b1e9b81b3bc198a) Importer(815301076,1909f56bfc062723c751e8b465ee728b)
Start importing Assets/Asset pack/Cursors/Cursor/01.png using Guid(d9d8307bead4fbb46b1e9b81b3bc198a) Importer(815301076,1909f56bfc062723c751e8b465ee728b)  -> (artifact id: 'b77dee4b1c367d3cb6cc1de3af367bd2') in 0.876717 seconds 
========================================================================
Received Import Request.
  Time since last request: 0.000042 seconds.
  path: Assets/Asset pack/Cursors/Cursor/04.png
  artifactKey: Guid(f9fdc6555b71a1b4eb2cb72c6a2ecbe2) Importer(815301076,1909f56bfc062723c751e8b465ee728b)
Start importing Assets/Asset pack/Cursors/Cursor/04.png using Guid(f9fdc6555b71a1b4eb2cb72c6a2ecbe2) Importer(815301076,1909f56bfc062723c751e8b465ee728b)  -> (artifact id: '13cbc7cda1fb1afef28903f6ebdc4935') in 0.014550 seconds 
========================================================================
Received Import Request.
  Time since last request: 0.000056 seconds.
  path: Assets/Asset pack/Cursors/Cursor/05.png
  artifactKey: Guid(2f7f7fd4faeb16649879e28d6fe860a6) Importer(815301076,1909f56bfc062723c751e8b465ee728b)
Start importing Assets/Asset pack/Cursors/Cursor/05.png using Guid(2f7f7fd4faeb16649879e28d6fe860a6) Importer(815301076,1909f56bfc062723c751e8b465ee728b)  -> (artifact id: '21fdfdf0f8e48db8fb52678efc7c48a2') in 0.025566 seconds 
========================================================================
Received Prepare
Registering precompiled user dll's ...
Registered in 0.010210 seconds.
Begin MonoManager ReloadAssembly
Native extension for UWP target not found
Native extension for WindowsStandalone target not found
Native extension for iOS target not found
Native extension for Android target not found
Native extension for OSXStandalone target not found
Native extension for WebGL target not found
Refreshing native plugins compatible for Editor in 1.80 ms, found 3 plugins.
Preloading 0 native plugins for Editor in 0.00 ms.
Mono: successfully reloaded assembly
- Completed reload, in  2.990 seconds
Domain Reload Profiling:
	ReloadAssembly (2992ms)
		BeginReloadAssembly (404ms)
			ExecutionOrderSort (0ms)
			DisableScriptedObjects (17ms)
			BackupInstance (0ms)
			ReleaseScriptingObjects (0ms)
			CreateAndSetChildDomain (198ms)
		EndReloadAssembly (2454ms)
			LoadAssemblies (183ms)
			RebuildTransferFunctionScriptingTraits (0ms)
			SetupTypeCache (516ms)
			ReleaseScriptCaches (4ms)
			RebuildScriptCaches (89ms)
			SetupLoadedEditorAssemblies (1619ms)
				LogAssemblyErrors (0ms)
				InitializePlatformSupportModulesInManaged (43ms)
				SetLoadedEditorAssemblies (1ms)
				RefreshPlugins (2ms)
				BeforeProcessingInitializeOnLoad (118ms)
				ProcessInitializeOnLoadAttributes (905ms)
				ProcessInitializeOnLoadMethodAttributes (545ms)
				AfterProcessingInitializeOnLoad (4ms)
				EditorAssembliesLoaded (0ms)
			ExecutionOrderSort2 (0ms)
			AwakeInstancesAfterBackupRestoration (8ms)
Platform modules already initialized, skipping
Refreshing native plugins compatible for Editor in 4.92 ms, found 3 plugins.
Preloading 0 native plugins for Editor in 0.00 ms.
Unloading 5597 Unused Serialized files (Serialized files now loaded: 0)
Unloading 44 unused Assets / (1.0 MB). Loaded Objects now: 6342.
Memory consumption went from 237.0 MB to 236.0 MB.
Total: 39.523800 ms (FindLiveObjects: 0.884600 ms CreateObjectMapping: 0.381500 ms MarkObjects: 37.012700 ms  DeleteObjects: 1.239800 ms)

AssetImportParameters requested are different than current active one (requested -> active):
  custom:video-decoder-ogg-theora: a1e56fd34408186e4bbccfd4996cb3dc -> 
  custom:container-muxer-webm: aa71ff27fc2769a1b78a27578f13a17b -> 
  custom:container-demuxer-webm: 4f35f7cbe854078d1ac9338744f61a02 -> 
  custom:video-encoder-webm-vp8: eb34c28f22e8b96e1ab97ce403110664 -> 
  custom:audio-encoder-webm-vorbis: bf7c407c2cedff20999df2af8eb42d56 -> 
  custom:framework-win-MediaFoundation: 216162199b28c13a410421893ffa2e32 -> 
  custom:container-demuxer-ogg: 62fdf1f143b41e24485cea50d1cbac27 -> 
  custom:video-decoder-webm-vp8: 9c59270c3fd7afecdb556c50c9e8de78 -> 
  custom:audio-decoder-ogg-vorbis: bf7c407c2cedff20999df2af8eb42d56 -> 
========================================================================
Received Import Request.
  Time since last request: 162.489942 seconds.
  path: Assets/Scripts/MouseManager.cs
  artifactKey: Guid(740d2d5b55b3b764d8e75ef0e5bed6df) Importer(815301076,1909f56bfc062723c751e8b465ee728b)
Start importing Assets/Scripts/MouseManager.cs using Guid(740d2d5b55b3b764d8e75ef0e5bed6df) Importer(815301076,1909f56bfc062723c751e8b465ee728b)  -> (artifact id: '79e86dc7928c4bb95fa1b1f1153fe919') in 0.012589 seconds 
========================================================================
Received Prepare
Registering precompiled user dll's ...
Registered in 0.012597 seconds.
Begin MonoManager ReloadAssembly
Native extension for UWP target not found
Native extension for WindowsStandalone target not found
Native extension for iOS target not found
Native extension for Android target not found
Native extension for OSXStandalone target not found
Native extension for WebGL target not found
Refreshing native plugins compatible for Editor in 1.14 ms, found 3 plugins.
Preloading 0 native plugins for Editor in 0.00 ms.
Mono: successfully reloaded assembly
- Completed reload, in  2.242 seconds
Domain Reload Profiling:
	ReloadAssembly (2243ms)
		BeginReloadAssembly (178ms)
			ExecutionOrderSort (0ms)
			DisableScriptedObjects (6ms)
			BackupInstance (0ms)
			ReleaseScriptingObjects (0ms)
			CreateAndSetChildDomain (63ms)
		EndReloadAssembly (1946ms)
			LoadAssemblies (131ms)
			RebuildTransferFunctionScriptingTraits (0ms)
			SetupTypeCache (395ms)
			ReleaseScriptCaches (2ms)
			RebuildScriptCaches (54ms)
			SetupLoadedEditorAssemblies (1306ms)
				LogAssemblyErrors (0ms)
				InitializePlatformSupportModulesInManaged (38ms)
				SetLoadedEditorAssemblies (1ms)
				RefreshPlugins (1ms)
				BeforeProcessingInitializeOnLoad (95ms)
				ProcessInitializeOnLoadAttributes (727ms)
				ProcessInitializeOnLoadMethodAttributes (439ms)
				AfterProcessingInitializeOnLoad (4ms)
				EditorAssembliesLoaded (0ms)
			ExecutionOrderSort2 (0ms)
			AwakeInstancesAfterBackupRestoration (7ms)
Platform modules already initialized, skipping
Refreshing native plugins compatible for Editor in 3.98 ms, found 3 plugins.
Preloading 0 native plugins for Editor in 0.00 ms.
Unloading 5597 Unused Serialized files (Serialized files now loaded: 0)
Unloading 44 unused Assets / (1.0 MB). Loaded Objects now: 6357.
Memory consumption went from 237.0 MB to 236.0 MB.
Total: 23.880300 ms (FindLiveObjects: 0.980600 ms CreateObjectMapping: 0.161700 ms MarkObjects: 21.965000 ms  DeleteObjects: 0.770900 ms)

AssetImportParameters requested are different than current active one (requested -> active):
  custom:video-decoder-ogg-theora: a1e56fd34408186e4bbccfd4996cb3dc -> 
  custom:container-muxer-webm: aa71ff27fc2769a1b78a27578f13a17b -> 
  custom:container-demuxer-webm: 4f35f7cbe854078d1ac9338744f61a02 -> 
  custom:video-encoder-webm-vp8: eb34c28f22e8b96e1ab97ce403110664 -> 
  custom:audio-encoder-webm-vorbis: bf7c407c2cedff20999df2af8eb42d56 -> 
  custom:framework-win-MediaFoundation: 216162199b28c13a410421893ffa2e32 -> 
  custom:container-demuxer-ogg: 62fdf1f143b41e24485cea50d1cbac27 -> 
  custom:video-decoder-webm-vp8: 9c59270c3fd7afecdb556c50c9e8de78 -> 
  custom:audio-decoder-ogg-vorbis: bf7c407c2cedff20999df2af8eb42d56 -> 
